
PROJECT f17v2
FORME f17v2.txt
REP_POINTS rep_points.txt
DIAG_NERVS diagnervs.txt
VENT_HOLES ventholes.txt
 0f1 D=0.0113(M=0.503)[-0.000]  1.79311/ 1.79312 l 1.79306 a0.0017 a0.0017 OK:)
 1f1 D=0.0006(M=0.505)[-0.000]  1.79414/ 1.79414 l 1.79411 a0.0017 a0.0017 OK:)
 2f1 D=0.0031(M=0.502)[-0.000]  1.79416/ 1.79417 l 1.79411 a0.0017 a0.0016 OK:)
 3f1 D=0.0011(M=0.508)[-0.000]  1.79415/ 1.79415 l 1.79411 a0.0016 a0.0016 OK:)
 4f1 D=0.0072(M=0.499)[0.000]  1.79205/ 1.79206 l 1.79202 a0.0016 a0.0016 OK:)
 5f1 D=0.0047(M=0.507)[0.000]  1.78998/ 1.78998 l 1.78993 a0.0016 a0.0016 OK:)
 6f1 D=0.0103(M=0.506)[0.000]  1.78682/ 1.78683 l 1.78679 a0.0016 a0.0015 OK:)
 7f1 D=0.0198(M=0.501)[-0.000]  1.78159/ 1.78161 l 1.78156 a0.0015 a0.0015 OK:)
 8f1 D=0.0125(M=0.507)[-0.000]  1.77531/ 1.77532 l 1.77528 a0.0015 a0.0015 OK:)
 9f1 D=0.0209(M=0.500)[0.000]  1.76799/ 1.76801 l 1.76796 a0.0015 a0.0015 OK:)
10f1 D=0.0280(M=0.507)[-0.000]  1.75650/ 1.75653 l 1.75646 a0.0015 a0.0014 OK:)
11f1 D=0.0325(M=0.503)[0.000]  1.74497/ 1.74500 l 1.74496 a0.0014 a0.0014 OK:)
12f1 D=0.0378(M=0.502)[-0.000]  1.72930/ 1.72934 l 1.72927 a0.0014 a0.0014 OK:)
13f1 D=0.0408(M=0.507)[-0.000]  1.71255/ 1.71259 l 1.71254 a0.0014 a0.0014 OK:)
14f1 D=0.0508(M=0.502)[-0.000]  1.69270/ 1.69275 l 1.69268 a0.0014 a0.0014 OK:)
15f1 D=0.0584(M=0.504)[0.000]  1.66968/ 1.66973 l 1.66967 a0.0014 a0.0013 OK:)
16f1 D=0.0671(M=0.505)[0.000]  1.64458/ 1.64465 l 1.64458 a0.0013 a0.0013 OK:)
17f1 D=0.0738(M=0.502)[-0.000]  1.61321/ 1.61328 l 1.61320 a0.0013 a0.0013 OK:)
18f1 D=0.0796(M=0.505)[0.000]  1.58183/ 1.58191 l 1.58183 a0.0013 a0.0013 OK:)
19f1 D=0.0894(M=0.503)[0.000]  1.54419/ 1.54428 l 1.54419 a0.0013 a0.0013 OK:)
20f1 D=0.1007(M=0.503)[-0.000]  1.50444/ 1.50454 l 1.50446 a0.0013 a0.0012 OK:)
21f1 D=0.1082(M=0.503)[0.000]  1.46157/ 1.46168 l 1.46159 a0.0012 a0.0012 OK:)
22f1 D=0.1132(M=0.506)[0.000]  1.41346/ 1.41358 l 1.41349 a0.0012 a0.0012 OK:)
23f1 D=0.1275(M=0.500)[-0.000]  1.36328/ 1.36340 l 1.36330 a0.0012 a0.0012 OK:)
24f1 D=0.1345(M=0.504)[0.000]  1.30784/ 1.30797 l 1.30787 a0.0012 a0.0012 OK:)
25f1 D=0.1393(M=0.502)[0.000]  1.25138/ 1.25152 l 1.25141 a0.0012 a0.0012 OK:)
26f1 D=0.1489(M=0.504)[-0.000]  1.18864/ 1.18879 l 1.18867 a0.0012 a0.0011 OK:)
27f1 D=0.1566(M=0.502)[0.000]  1.12484/ 1.12500 l 1.12489 a0.0011 a0.0011 OK:)
28f1 D=0.1652(M=0.500)[-0.000]  1.05689/ 1.05705 l 1.05692 a0.0011 a0.0011 OK:)
29f1 D=0.1671(M=0.504)[0.000]  0.98682/ 0.98699 l 0.98687 a0.0011 a0.0011 OK:)
30f1 D=0.1697(M=0.503)[0.000]  0.91363/ 0.91380 l 0.91367 a0.0011 a0.0011 OK:)
31f1 D=0.1833(M=0.500)[-0.000]  0.83940/ 0.83958 l 0.83944 a0.0011 a0.0011 OK:)
32f1 D=0.1878(M=0.504)[0.000]  0.76142/ 0.76161 l 0.76147 a0.0011 a0.0011 OK:)
33f1 D=0.1914(M=0.500)[0.000]  0.68359/ 0.68378 l 0.68363 a0.0011 a0.0011 OK:)
34f1 D=0.3695(M=0.496)[0.000]  0.60252/ 0.60289 l 0.60256 a0.0011 a0.0011 OK:)

 0f2 D=0.0093(M=0.503)[-0.000]  1.75651/ 1.75650 l 1.75649 a0.0017 a0.0017 OK:)
 1f2 D=0.0009(M=0.506)[0.000]  1.75754/ 1.75754 l 1.75751 a0.0017 a0.0016 OK:)
 2f2 D=0.0012(M=0.504)[0.000]  1.75752/ 1.75752 l 1.75751 a0.0016 a0.0016 OK:)
 3f2 D=0.0017(M=0.505)[0.000]  1.75753/ 1.75754 l 1.75751 a0.0016 a0.0016 OK:)
 4f2 D=0.0030(M=0.503)[-0.000]  1.75548/ 1.75549 l 1.75547 a0.0016 a0.0015 OK:)
 5f2 D=0.0041(M=0.506)[0.000]  1.75342/ 1.75342 l 1.75342 a0.0015 a0.0015 OK:)
 6f2 D=0.0040(M=0.505)[0.000]  1.75036/ 1.75037 l 1.75034 a0.0015 a0.0015 OK:)
 7f2 D=0.0029(M=0.504)[-0.000]  1.74523/ 1.74524 l 1.74523 a0.0015 a0.0014 OK:)
 8f2 D=0.0100(M=0.504)[-0.000]  1.73909/ 1.73910 l 1.73908 a0.0014 a0.0014 OK:)
 9f2 D=0.0111(M=0.504)[0.000]  1.73192/ 1.73193 l 1.73191 a0.0014 a0.0014 OK:)
10f2 D=0.0102(M=0.505)[-0.000]  1.72064/ 1.72065 l 1.72065 a0.0014 a0.0014 OK:)
11f2 D=0.0154(M=0.504)[0.000]  1.70939/ 1.70941 l 1.70938 a0.0014 a0.0013 OK:)
12f2 D=0.0184(M=0.504)[0.000]  1.69401/ 1.69403 l 1.69402 a0.0013 a0.0013 OK:)
13f2 D=0.0210(M=0.505)[0.000]  1.67764/ 1.67766 l 1.67763 a0.0013 a0.0013 OK:)
14f2 D=0.0243(M=0.505)[0.000]  1.65816/ 1.65819 l 1.65817 a0.0013 a0.0013 OK:)
15f2 D=0.0259(M=0.502)[0.000]  1.63564/ 1.63567 l 1.63564 a0.0013 a0.0013 OK:)
16f2 D=0.0305(M=0.506)[0.000]  1.61106/ 1.61109 l 1.61106 a0.0013 a0.0012 OK:)
17f2 D=0.0347(M=0.501)[-0.000]  1.58033/ 1.58036 l 1.58034 a0.0012 a0.0012 OK:)
18f2 D=0.0388(M=0.505)[-0.000]  1.54961/ 1.54965 l 1.54962 a0.0012 a0.0012 OK:)
19f2 D=0.0443(M=0.502)[-0.000]  1.51273/ 1.51277 l 1.51274 a0.0012 a0.0012 OK:)
20f2 D=0.0446(M=0.503)[0.000]  1.47382/ 1.47386 l 1.47383 a0.0012 a0.0012 OK:)
21f2 D=0.0503(M=0.502)[-0.000]  1.43182/ 1.43187 l 1.43184 a0.0012 a0.0012 OK:)
22f2 D=0.0554(M=0.505)[0.000]  1.38471/ 1.38476 l 1.38473 a0.0012 a0.0011 OK:)
23f2 D=0.0579(M=0.500)[0.000]  1.33554/ 1.33560 l 1.33557 a0.0011 a0.0011 OK:)
24f2 D=0.0619(M=0.502)[-0.000]  1.28127/ 1.28133 l 1.28129 a0.0011 a0.0011 OK:)
25f2 D=0.0683(M=0.502)[0.000]  1.22596/ 1.22603 l 1.22598 a0.0011 a0.0011 OK:)
26f2 D=0.0700(M=0.503)[0.000]  1.16450/ 1.16457 l 1.16453 a0.0011 a0.0011 OK:)
27f2 D=0.0722(M=0.502)[0.000]  1.10204/ 1.10211 l 1.10206 a0.0011 a0.0011 OK:)
28f2 D=0.0752(M=0.501)[0.000]  1.03546/ 1.03553 l 1.03549 a0.0011 a0.0011 OK:)
29f2 D=0.0799(M=0.502)[0.000]  0.96685/ 0.96693 l 0.96687 a0.0011 a0.0011 OK:)
30f2 D=0.0844(M=0.503)[-0.000]  0.89515/ 0.89524 l 0.89518 a0.0011 a0.0011 OK:)
31f2 D=0.0851(M=0.500)[-0.000]  0.82243/ 0.82252 l 0.82247 a0.0011 a0.0011 OK:)
32f2 D=0.0856(M=0.503)[-0.000]  0.74632/ 0.74641 l 0.74635 a0.0011 a0.0010 OK:)
33f2 D=0.0870(M=0.500)[0.000]  0.67028/ 0.67036 l 0.67030 a0.0010 a0.0010 OK:)
34f2 D=0.1715(M=0.505)[-0.000]  0.59110/ 0.59127 l 0.59113 a0.0011 a0.0010 OK:)
(0, 0) _d1=0.014873 _d2=0.308517... d1=-0.143697 d2=0.146668 OK OK
(1, 1) _d1=0.027201 _d2=0.290138... d1=-0.128530 d2=0.131187 OK OK
(2, 2) _d1=0.007240 _d2=0.313458... d1=-0.149934 d2=0.153034 OK OK
(3, 3) _d1=0.022090 _d2=0.293881... d1=-0.132919 d2=0.135667 OK OK
(4, 4) _d1=0.019151 _d2=0.293589... d1=-0.134246 d2=0.137021 OK OK
(5, 5) _d1=0.005851 _d2=0.309906... d1=-0.148889 d2=0.151967 OK OK
(6, 6) _d1=0.020662 _d2=0.288114... d1=-0.130808 d2=0.133513 OK OK
(7, 7) _d1=0.007523 _d2=0.303056... d1=-0.144698 d2=0.147689 OK OK
(8, 8) _d1=0.015092 _d2=0.289288... d1=-0.134169 d2=0.136942 OK OK
(9, 9) _d1=0.013674 _d2=0.291872... d1=-0.136144 d2=0.138958 OK OK
(10, 10) _d1=0.002369 _d2=0.300862... d1=-0.146200 d2=0.149222 OK OK
(11, 11) _d1=0.020994 _d2=0.276920... d1=-0.125159 d2=0.127746 OK OK
(12, 12) _d1=-0.002547 _d2=0.300412... d1=-0.148439 d2=0.151506 OK OK
(13, 13) _d1=0.017149 _d2=0.274680... d1=-0.125985 d2=0.128588 OK OK
(14, 14) _d1=0.003302 _d2=0.287349... d1=-0.139115 d2=0.141990 OK OK
(15, 15) _d1=0.009456 _d2=0.275577... d1=-0.130272 d2=0.132963 OK OK
(16, 16) _d1=0.008949 _d2=0.274031... d1=-0.129768 d2=0.132448 OK OK
(17, 17) _d1=0.004450 _d2=0.270719... d1=-0.130396 d2=0.133088 OK OK
(18, 18) _d1=0.011659 _d2=0.261069... d1=-0.122065 d2=0.124585 OK OK
(19, 19) _d1=0.002685 _d2=0.264289... d1=-0.128129 d2=0.130774 OK OK
(20, 20) _d1=0.010025 _d2=0.249355... d1=-0.117144 d2=0.119561 OK OK
(21, 21) _d1=0.005484 _d2=0.250417... d1=-0.119936 d2=0.122410 OK OK
(22, 22) _d1=0.009434 _d2=0.235864... d1=-0.110832 d2=0.113118 OK OK
(23, 23) _d1=0.005751 _d2=0.237676... d1=-0.113562 d2=0.115903 OK OK
(24, 24) _d1=0.009259 _d2=0.221074... d1=-0.103676 d2=0.105812 OK OK
(25, 25) _d1=0.010853 _d2=0.216389... d1=-0.100584 d2=0.102656 OK OK
(26, 26) _d1=0.004750 _d2=0.211689... d1=-0.101335 d2=0.103420 OK OK
(27, 27) _d1=0.015795 _d2=0.192798... d1=-0.086559 d2=0.088339 OK OK
(28, 28) _d1=0.003590 _d2=0.198506... d1=-0.095460 d2=0.097421 OK OK
(29, 29) _d1=0.016857 _d2=0.174869... d1=-0.077247 d2=0.078833 OK OK
(30, 30) _d1=0.013161 _d2=0.169270... d1=-0.076353 d2=0.077919 OK OK
(31, 31) _d1=0.009806 _d2=0.171620... d1=-0.079184 d2=0.080807 OK OK
(32, 32) _d1=0.015500 _d2=0.149589... d1=-0.065570 d2=0.066888 OK OK
(33, 33) _d1=0.015922 _d2=0.146934... d1=-0.064083 d2=0.065348 OK OK
(34, 34) _d1=0.055346 _d2=0.229166... d1=-0.084752 d2=0.086379 OK OK
(2, 1) _d1=0.007240 _d2=0.290138... d1=-0.138510 d2=0.141374 OK OK
(2, 3) _d1=0.007240 _d2=0.293881... d1=-0.140344 d2=0.143246 OK OK
(5, 4) _d1=0.005851 _d2=0.293589... d1=-0.140728 d2=0.143805 OK OK
(5, 6) _d1=0.005851 _d2=0.288114... d1=-0.138461 d2=0.141077 OK OK
(8, 7) _d1=0.015092 _d2=0.303056... d1=-0.140391 d2=0.143799 OK OK
(8, 9) _d1=0.015092 _d2=0.291872... d1=-0.136027 d2=0.138266 OK OK
(11, 10) _d1=0.020994 _d2=0.300862... d1=-0.135923 d2=0.139647 OK OK
(11, 12) _d1=0.020994 _d2=0.300412... d1=-0.138003 d2=0.139589 OK OK
(14, 13) _d1=0.003302 _d2=0.274680... d1=-0.131348 d2=0.135635 OK OK
(14, 15) _d1=0.003302 _d2=0.275577... d1=-0.135208 d2=0.136126 OK OK
(17, 16) _d1=0.004450 _d2=0.274031... d1=-0.129457 d2=0.134700 OK OK
(17, 18) _d1=0.004450 _d2=0.261069... d1=-0.128205 d2=0.128308 OK OK
(20, 19) _d1=0.010025 _d2=0.264289... d1=-0.121129 d2=0.126893 OK OK
(20, 21) _d1=0.010025 _d2=0.250417... d1=-0.121263 d2=0.120238 OK OK
(23, 22) _d1=0.005751 _d2=0.235864... d1=-0.108572 d2=0.114889 OK OK
(23, 24) _d1=0.005751 _d2=0.221074... d1=-0.110018 d2=0.107721 OK OK
(26, 25) _d1=0.004750 _d2=0.216389... d1=-0.098322 d2=0.105642 OK OK
(26, 27) _d1=0.004750 _d2=0.192798... d1=-0.097435 d2=0.094105 OK OK
(29, 28) _d1=0.016857 _d2=0.198506... d1=-0.082381 d2=0.090041 OK OK
(29, 30) _d1=0.016857 _d2=0.169270... d1=-0.081148 d2=0.076672 OK OK
(32, 31) _d1=0.015500 _d2=0.171620... d1=-0.068555 d2=0.077095 OK OK
(32, 33) _d1=0.015500 _d2=0.146934... d1=-0.072468 d2=0.066369 OK OK
 t=0 p[ 1.7  1.7  1.7  1.7] -1 0 [  0.0(1) 100.0(1)] [  0.0(1) 100.0(1)]
 text=K-1F1t0F1
 t=1 p[ 1.7  1.7  1.7  1.7] 0 1 [  2.0(2) 100.0(1)] [  2.0(2) 100.0(1)]
 text=K0F1t1F1
 t=2 p[ 1.7  1.7  1.7  1.7] 1 2 [  2.0(2) 100.0(1)] [  2.0(2) 100.0(1)]
 text=P1F1t2F1
 t=3 p[ 1.6  1.6  1.6  1.6] 2 3 [  2.0(2) 100.0(1)] [  2.0(2) 100.0(1)]
 text=P2F1t3F1
 t=4 p[ 1.6  1.6  1.6  1.6] 3 4 [  2.0(2) 100.0(1)] [  2.0(2) 100.0(1)]
 text=P3F1t4F1
 t=5 p[ 1.6  1.6  1.6  1.6] 4 5 [  2.0(2) 100.0(1)] [  2.0(2) 100.0(1)]
 text=P4F1t5F1
 t=6 p[ 1.6  1.6  1.6  1.6] 5 6 [  2.0(2) 100.0(1)] [  2.0(2) 100.0(1)]
 text=P5F1t6F1
 t=7 p[ 1.5  1.5  1.5  1.5] 6 7 [  0.0(1) 100.0(1)] [  0.0(1) 100.0(1)]
 text=P6F1t7F1
 t=8 p[ 1.5  1.5  1.5  1.5] 7 8 [  2.0(2) 100.0(1)] [  2.0(2) 100.0(1)]
 text=P7F1t8F1
 t=9 p[ 1.5  1.5  1.5  1.5] 8 9 [  2.0(2) 100.0(1)] [  2.0(2) 100.0(1)]
 text=P8F1t9F1
 t=10 p[ 1.5  1.5  1.5  1.5] 9 10 [  2.0(2) 100.0(1)] [  2.0(2) 100.0(1)]
 text=P9F1t10F1
 t=11 p[ 1.4  1.4  1.4  1.4] 10 11 [  2.0(2) 100.0(1)] [  2.0(2) 100.0(1)]
 text=P10F1t11F1
 t=12 p[ 1.4  1.4  1.4  1.4] 11 12 [  2.0(2) 100.0(1)] [  2.0(2) 100.0(1)]
 text=P11F1t12F1
 t=13 p[ 1.4  1.4  1.4  1.4] 12 13 [  0.0(1) 100.0(1)] [  0.0(1) 100.0(1)]
 text=P12F1t13F1
 t=14 p[ 1.4  1.4  1.4  1.4] 13 14 [  2.0(2) 100.0(1)] [  2.0(2) 100.0(1)]
 text=P13F1t14F1
 t=15 p[ 1.4  1.4  1.4  1.4] 14 15 [  2.0(2) 100.0(1)] [  2.0(2) 100.0(1)]
 text=P14F1t15F1
 t=16 p[ 1.3  1.3  1.3  1.3] 15 16 [  2.0(2) 100.0(1)] [  2.0(2) 100.0(1)]
 text=P15F1t16F1
 t=17 p[ 1.3  1.3  1.3  1.3] 16 17 [  2.0(2) 100.0(1)] [  2.0(2) 100.0(1)]
 text=P16F1t17F1
 t=18 p[ 1.3  1.3  1.3  1.3] 17 18 [  2.0(2) 100.0(1)] [  2.0(2) 100.0(1)]
 text=P17F1t18F1
 t=19 p[ 1.3  1.3  1.3  1.3] 18 19 [  0.0(1) 100.0(1)] [  0.0(1) 100.0(1)]
 text=P18F1t19F1
 t=20 p[ 1.3  1.3  1.3  1.3] 19 20 [  2.0(2) 100.0(1)] [  2.0(2) 100.0(1)]
 text=P19F1t20F1
 t=21 p[ 1.2  1.2  1.2  1.2] 20 21 [  2.0(2) 100.0(1)] [  2.0(2) 100.0(1)]
 text=P20F1t21F1
 t=22 p[ 1.2  1.2  1.2  1.2] 21 22 [  2.0(2) 100.0(1)] [  2.0(2) 100.0(1)]
 text=P21F1t22F1
 t=23 p[ 1.2  1.2  1.2  1.2] 22 23 [  2.0(2) 100.0(1)] [  2.0(2) 100.0(1)]
 text=P22F1t23F1
 t=24 p[ 1.2  1.2  1.2  1.2] 23 24 [  2.0(2) 100.0(1)] [  2.0(2) 100.0(1)]
 text=P23F1t24F1
 t=25 p[ 1.2  1.2  1.2  1.2] 24 25 [  0.0(1) 100.0(1)] [  0.0(1) 100.0(1)]
 text=P24F1t25F1
 t=26 p[ 1.2  1.2  1.2  1.2] 25 26 [  2.0(2) 100.0(1)] [  2.0(2) 100.0(1)]
 text=P25F1t26F1
 t=27 p[ 1.1  1.1  1.1  1.1] 26 27 [  2.0(2) 100.0(1)] [  2.0(2) 100.0(1)]
 text=P26F1t27F1
 t=28 p[ 1.1  1.1  1.1  1.1] 27 28 [  2.0(2) 100.0(1)] [  2.0(2) 100.0(1)]
 text=P27F1t28F1
 t=29 p[ 1.1  1.1  1.1  1.1] 28 29 [  2.0(2) 100.0(1)] [  2.0(2) 100.0(1)]
 text=P28F1t29F1
 t=30 p[ 1.1  1.1  1.1  1.1] 29 30 [  2.0(2) 100.0(1)] [  2.0(2) 100.0(1)]
 text=P29F1t30F1
 t=31 p[ 1.1  1.1  1.1  1.1] 30 31 [  2.0(2) 100.0(1)] [  2.0(2) 100.0(1)]
 text=P30F1t31F1
 t=32 p[ 1.1  1.1  1.1  1.1] 31 32 [  2.0(2) 100.0(1)] [  2.0(2) 100.0(1)]
 text=P31F1t32F1
 t=33 p[ 1.1  1.1  1.1  1.1] 32 33 [  2.0(2) 100.0(1)] [  2.0(2) 100.0(1)]
 text=P32F1t33F1
 t=34 p[ 1.1  1.1  1.1  1.1] 33 34 [  2.0(2) 100.0(1)] [  2.0(2) 100.0(1)]
 text=P33F1t34F1
 t=35 p[ 1.1  1.1  0.0  0.0] 34 35 [  2.0(2) 100.0(1)] [  0.0(2) 100.0(1)]
 text=P34F1t35F1
 t=36  c[1.000090] 0 0 ff1=2 ff2=1
 text=N0F2t0F1
 t=37  c[1.000089] 1 1 ff1=2 ff2=1
 text=N1F2t1F1
 t=38  c[1.000089] 2 2 ff1=2 ff2=1
 text=N2F2t2F1
 t=39  c[1.000088] 3 3 ff1=2 ff2=1
 text=N3F2t3F1
 t=40  c[1.000087] 4 4 ff1=2 ff2=1
 text=N4F2t4F1
 t=41  c[1.000088] 5 5 ff1=2 ff2=1
 text=N5F2t5F1
 t=42  c[1.000087] 6 6 ff1=2 ff2=1
 text=N6F2t6F1
 t=43  c[1.000087] 7 7 ff1=2 ff2=1
 text=N7F2t7F1
 t=44  c[1.000086] 8 8 ff1=2 ff2=1
 text=N8F2t8F1
 t=45  c[1.000087] 9 9 ff1=2 ff2=1
 text=N9F2t9F1
 t=46  c[1.000086] 10 10 ff1=2 ff2=1
 text=N10F2t10F1
 t=47  c[1.000086] 11 11 ff1=2 ff2=1
 text=N11F2t11F1
 t=48  c[1.000086] 12 12 ff1=2 ff2=1
 text=N12F2t12F1
 t=49  c[1.000085] 13 13 ff1=2 ff2=1
 text=N13F2t13F1
 t=50  c[1.000086] 14 14 ff1=2 ff2=1
 text=N14F2t14F1
 t=51  c[1.000085] 15 15 ff1=2 ff2=1
 text=N15F2t15F1
 t=52  c[1.000086] 16 16 ff1=2 ff2=1
 text=N16F2t16F1
 t=53  c[1.000085] 17 17 ff1=2 ff2=1
 text=N17F2t17F1
 t=54  c[1.000086] 18 18 ff1=2 ff2=1
 text=N18F2t18F1
 t=55  c[1.000086] 19 19 ff1=2 ff2=1
 text=N19F2t19F1
 t=56  c[1.000086] 20 20 ff1=2 ff2=1
 text=N20F2t20F1
 t=57  c[1.000088] 21 21 ff1=2 ff2=1
 text=N21F2t21F1
 t=58  c[1.000087] 22 22 ff1=2 ff2=1
 text=N22F2t22F1
 t=59  c[1.000089] 23 23 ff1=2 ff2=1
 text=N23F2t23F1
 t=60  c[1.000088] 24 24 ff1=2 ff2=1
 text=N24F2t24F1
 t=61  c[1.000091] 25 25 ff1=2 ff2=1
 text=N25F2t25F1
 t=62  c[1.000091] 26 26 ff1=2 ff2=1
 text=N26F2t26F1
 t=63  c[1.000093] 27 27 ff1=2 ff2=1
 text=N27F2t27F1
 t=64  c[1.000096] 28 28 ff1=2 ff2=1
 text=N28F2t28F1
 t=65  c[1.000097] 29 29 ff1=2 ff2=1
 text=N29F2t29F1
 t=66  c[1.000100] 30 30 ff1=2 ff2=1
 text=N30F2t30F1
 t=67  c[1.000108] 31 31 ff1=2 ff2=1
 text=N31F2t31F1
 t=68  c[1.000109] 32 32 ff1=2 ff2=1
 text=N32F2t32F1
 t=69  c[1.000119] 33 33 ff1=2 ff2=1
 text=N33F2t33F1
 t=70  c[1.000237] 34 34 ff1=2 ff2=1
 text=N34F2t34F1
 t=71  c[1.000083] 2 1 ff1=2 ff2=1
 text=D2F2t1F1
 t=72  c[1.000084] 2 3 ff1=2 ff2=1
 text=D2F2t3F1
 t=73  c[1.000084] 5 4 ff1=2 ff2=1
 text=D5F2t4F1
 t=74  c[1.000082] 5 6 ff1=2 ff2=1
 text=D5F2t6F1
 t=75  c[1.000089] 8 7 ff1=2 ff2=1
 text=D8F2t7F1
 t=76  c[1.000087] 8 9 ff1=2 ff2=1
 text=D8F2t9F1
 t=77  c[1.000092] 11 10 ff1=2 ff2=1
 text=D11F2t10F1
 t=78  c[1.000093] 11 12 ff1=2 ff2=1
 text=D11F2t12F1
 t=79  c[1.000081] 14 13 ff1=2 ff2=1
 text=D14F2t13F1
 t=80  c[1.000084] 14 15 ff1=2 ff2=1
 text=D14F2t15F1
 t=81  c[1.000085] 17 16 ff1=2 ff2=1
 text=D17F2t16F1
 t=82  c[1.000084] 17 18 ff1=2 ff2=1
 text=D17F2t18F1
 t=83  c[1.000089] 20 19 ff1=2 ff2=1
 text=D20F2t19F1
 t=84  c[1.000089] 20 21 ff1=2 ff2=1
 text=D20F2t21F1
 t=85  c[1.000086] 23 22 ff1=2 ff2=1
 text=D23F2t22F1
 t=86  c[1.000087] 23 24 ff1=2 ff2=1
 text=D23F2t24F1
 t=87  c[1.000089] 26 25 ff1=2 ff2=1
 text=D26F2t25F1
 t=88  c[1.000088] 26 27 ff1=2 ff2=1
 text=D26F2t27F1
 t=89  c[1.000103] 29 28 ff1=2 ff2=1
 text=D29F2t28F1
 t=90  c[1.000101] 29 30 ff1=2 ff2=1
 text=D29F2t30F1
 t=91  c[1.000113] 32 31 ff1=2 ff2=1
 text=D32F2t31F1
 t=92  c[1.000118] 32 33 ff1=2 ff2=1
 text=D32F2t33F1
 t=93 p[ 1.3  1.3  1.3  1.3] -1 0 [  0.0(2)   2.0(2)] [  0.0(2)   2.0(2)]
 text=V-1F2t0F2
 t=94 p[ 1.7  1.7  1.7  1.7] -1 0 [  2.0(2)   6.0(2)] [  2.0(2)   6.0(2)]
 text=V-1F2t0F2
 t=95 p[ 1.7  1.7  1.7  1.7] -1 0 [  6.0(2) 100.0(2)] [  6.0(2) 100.0(2)]
 text=P-1F2t0F2
 t=96  c[0.000000] -1 0 ff1=0 ff2=0
 text=K-1F0t0F0
 t=97  c[0.000000] -1 0 ff1=0 ff2=0
 text=K-1F0t0F0
 t=98  c[0.000000] -1 0 ff1=0 ff2=0
 text=K-1F0t0F0
 t=99 p[ 1.7  1.7  1.7  1.7] 0 1 [  2.0(2) 100.0(2)] [  2.0(2) 100.0(2)]
 text=P0F2t1F2
 t=100 p[ 1.6  1.6  1.6  1.6] 1 2 [  2.0(2) 100.0(2)] [  2.0(2) 100.0(2)]
 text=P1F2t2F2
 t=101 p[ 1.6  1.6  1.6  1.6] 2 3 [  2.0(2) 100.0(2)] [  2.0(2) 100.0(2)]
 text=P2F2t3F2
 t=102 p[ 1.6  1.6  1.6  1.6] 3 4 [  2.0(2) 100.0(2)] [  2.0(2) 100.0(2)]
 text=P3F2t4F2
 t=103 p[ 1.5  1.5  1.5  1.5] 4 5 [  2.0(2) 100.0(2)] [  2.0(2) 100.0(2)]
 text=P4F2t5F2
 t=104 p[ 1.5  1.5  1.5  1.5] 5 6 [  2.0(2) 100.0(2)] [  2.0(2) 100.0(2)]
 text=P5F2t6F2
 t=105 p[ 1.5  1.5  1.5  1.5] 6 7 [  0.0(2)   2.0(2)] [  0.0(2)   2.0(2)]
 text=V6F2t7F2
 t=106 p[ 1.5  1.5  1.5  1.5] 6 7 [  2.0(2)   6.0(2)] [  2.0(2)   6.0(2)]
 text=V6F2t7F2
 t=107 p[ 1.5  1.5  1.5  1.5] 6 7 [  6.0(2) 100.0(2)] [  6.0(2) 100.0(2)]
 text=P6F2t7F2
 t=108  c[0.000000] 6 7 ff1=0 ff2=0
 text=K6F0t7F0
 t=109  c[0.000000] 6 7 ff1=0 ff2=0
 text=K6F0t7F0
 t=110  c[0.000000] 6 7 ff1=0 ff2=0
 text=K6F0t7F0
 t=111 p[ 1.4  1.4  1.4  1.4] 7 8 [  2.0(2) 100.0(2)] [  2.0(2) 100.0(2)]
 text=P7F2t8F2
 t=112 p[ 1.4  1.4  1.4  1.4] 8 9 [  2.0(2) 100.0(2)] [  2.0(2) 100.0(2)]
 text=P8F2t9F2
 t=113 p[ 1.4  1.4  1.4  1.4] 9 10 [  2.0(2) 100.0(2)] [  2.0(2) 100.0(2)]
 text=P9F2t10F2
 t=114 p[ 1.4  1.4  1.4  1.4] 10 11 [  2.0(2) 100.0(2)] [  2.0(2) 100.0(2)]
 text=P10F2t11F2
 t=115 p[ 1.3  1.3  1.3  1.3] 11 12 [  2.0(2) 100.0(2)] [  2.0(2) 100.0(2)]
 text=P11F2t12F2
 t=116 p[ 1.3  1.3  1.3  1.3] 12 13 [  0.0(2)   2.0(2)] [  0.0(2)   2.0(2)]
 text=V12F2t13F2
 t=117 p[ 1.3  1.3  1.3  1.3] 12 13 [  2.0(2)   6.0(2)] [  2.0(2)   6.0(2)]
 text=V12F2t13F2
 t=118 p[ 1.3  1.3  1.3  1.3] 12 13 [  6.0(2) 100.0(2)] [  6.0(2) 100.0(2)]
 text=P12F2t13F2
 t=119  c[0.000000] 12 13 ff1=0 ff2=0
 text=K12F0t13F0
 t=120  c[0.000000] 12 13 ff1=0 ff2=0
 text=K12F0t13F0
 t=121  c[0.000000] 12 13 ff1=0 ff2=0
 text=K12F0t13F0
 t=122 p[ 1.3  1.3  1.3  1.3] 13 14 [  2.0(2) 100.0(2)] [  2.0(2) 100.0(2)]
 text=P13F2t14F2
 t=123 p[ 1.3  1.3  1.3  1.3] 14 15 [  2.0(2) 100.0(2)] [  2.0(2) 100.0(2)]
 text=P14F2t15F2
 t=124 p[ 1.3  1.3  1.3  1.3] 15 16 [  2.0(2) 100.0(2)] [  2.0(2) 100.0(2)]
 text=P15F2t16F2
 t=125 p[ 1.2  1.2  1.2  1.2] 16 17 [  2.0(2) 100.0(2)] [  2.0(2) 100.0(2)]
 text=P16F2t17F2
 t=126 p[ 1.2  1.2  1.2  1.2] 17 18 [  2.0(2) 100.0(2)] [  2.0(2) 100.0(2)]
 text=P17F2t18F2
 t=127 p[ 1.2  1.2  1.2  1.2] 18 19 [  0.0(2)   2.0(2)] [  0.0(2)   2.0(2)]
 text=V18F2t19F2
 t=128 p[ 1.2  1.2  1.2  1.2] 18 19 [  2.0(2)   6.0(2)] [  2.0(2)   6.0(2)]
 text=V18F2t19F2
 t=129 p[ 1.2  1.2  1.2  1.2] 18 19 [  6.0(2) 100.0(2)] [  6.0(2) 100.0(2)]
 text=P18F2t19F2
 t=130  c[0.000000] 18 19 ff1=0 ff2=0
 text=K18F0t19F0
 t=131  c[0.000000] 18 19 ff1=0 ff2=0
 text=K18F0t19F0
 t=132  c[0.000000] 18 19 ff1=0 ff2=0
 text=K18F0t19F0
 t=133 p[ 1.2  1.2  1.2  1.2] 19 20 [  2.0(2) 100.0(2)] [  2.0(2) 100.0(2)]
 text=P19F2t20F2
 t=134 p[ 1.2  1.2  1.2  1.2] 20 21 [  2.0(2) 100.0(2)] [  2.0(2) 100.0(2)]
 text=P20F2t21F2
 t=135 p[ 1.2  1.2  1.2  1.2] 21 22 [  2.0(2) 100.0(2)] [  2.0(2) 100.0(2)]
 text=P21F2t22F2
 t=136 p[ 1.1  1.1  1.1  1.1] 22 23 [  2.0(2) 100.0(2)] [  2.0(2) 100.0(2)]
 text=P22F2t23F2
 t=137 p[ 1.1  1.1  1.1  1.1] 23 24 [  2.0(2) 100.0(2)] [  2.0(2) 100.0(2)]
 text=P23F2t24F2
 t=138 p[ 1.1  1.1  1.1  1.1] 24 25 [  0.0(2)   2.0(2)] [  0.0(2)   2.0(2)]
 text=V24F2t25F2
 t=139 p[ 1.1  1.1  1.1  1.1] 24 25 [  2.0(2)   6.0(2)] [  2.0(2)   6.0(2)]
 text=V24F2t25F2
 t=140 p[ 1.1  1.1  1.1  1.1] 24 25 [  6.0(2) 100.0(2)] [  6.0(2) 100.0(2)]
 text=P24F2t25F2
 t=141  c[0.000000] 24 25 ff1=0 ff2=0
 text=K24F0t25F0
 t=142  c[0.000000] 24 25 ff1=0 ff2=0
 text=K24F0t25F0
 t=143  c[0.000000] 24 25 ff1=0 ff2=0
 text=K24F0t25F0
 t=144 p[ 1.1  1.1  1.1  1.1] 25 26 [  2.0(2) 100.0(2)] [  2.0(2) 100.0(2)]
 text=P25F2t26F2
 t=145 p[ 1.1  1.1  1.1  1.1] 26 27 [  2.0(2) 100.0(2)] [  2.0(2) 100.0(2)]
 text=P26F2t27F2
 t=146 p[ 1.1  1.1  1.1  1.1] 27 28 [  2.0(2) 100.0(2)] [  2.0(2) 100.0(2)]
 text=P27F2t28F2
 t=147 p[ 1.1  1.1  1.1  1.1] 28 29 [  2.0(2) 100.0(2)] [  2.0(2) 100.0(2)]
 text=P28F2t29F2
 t=148 p[ 1.1  1.1  1.1  1.1] 29 30 [  2.0(2) 100.0(2)] [  2.0(2) 100.0(2)]
 text=P29F2t30F2
 t=149 p[ 1.1  1.1  1.1  1.1] 30 31 [  2.0(2) 100.0(2)] [  2.0(2) 100.0(2